<?xml version="1.0" encoding="UTF-8"?>
<!-- Generated by org.testng.reporters.JUnitReportReporter -->
<testsuite hostname="NihalSherin" failures="0" tests="1" name="testngprograms.NewTest" time="0.013" errors="0" timestamp="2024-09-04T10:56:39 IST" skipped="0">
  <testcase classname="testngprograms.NewTest" name="f" time="0.013"/>
  <system-out/>
</testsuite> <!-- testngprograms.NewTest -->
