<?xml version="1.0" encoding="UTF-8"?>
<!-- Generated by org.testng.reporters.JUnitReportReporter -->
<testsuite hostname="NihalSherin" failures="0" tests="1" name="fathimaswt.NewTest" time="0.044" errors="0" timestamp="2024-09-04T10:57:02 IST" skipped="0">
  <testcase classname="fathimaswt.NewTest" name="verifyHomepageTitle" time="0.044"/>
  <system-out/>
</testsuite> <!-- fathimaswt.NewTest -->
