<?xml version="1.0" encoding="UTF-8"?>
<!-- Generated by org.testng.reporters.JUnitReportReporter -->
<testsuite hostname="NihalSherin" failures="0" tests="2" name="fathimaswt.test2" time="4.141" errors="0" timestamp="2024-09-03T12:59:23 IST" skipped="0">
  <testcase classname="fathimaswt.test2" name="register" time="1.648"/>
  <system-out/>
  <testcase classname="fathimaswt.test2" name="support" time="2.493"/>
  <system-out/>
</testsuite> <!-- fathimaswt.test2 -->
